This file contains any messages produced by compilers while
running configure, to aid debugging if configure makes a mistake.

It was created by RudeConfig configure 5.0.5, which was
generated by GNU Autoconf 2.59.  Invocation command line was

  $ ./configure 

## --------- ##
## Platform. ##
## --------- ##

hostname = PerOxyd.local
uname -m = i386
uname -r = 8.10.1
uname -s = Darwin
uname -v = Darwin Kernel Version 8.10.1: Wed May 23 16:33:00 PDT 2007; root:xnu-792.22.5~1/RELEASE_I386

/usr/bin/uname -p = i386
/bin/uname -X     = unknown

/bin/arch              = unknown
/usr/bin/arch -k       = unknown
/usr/convex/getsysinfo = unknown
hostinfo               = Mach kernel version:
	 Darwin Kernel Version 8.10.1: Wed May 23 16:33:00 PDT 2007; root:xnu-792.22.5~1/RELEASE_I386
Kernel configured for up to 2 processors.
2 processors are physically available.
2 processors are logically available.
Processor type: i486 (Intel 80486)
Processors active: 0 1
Primary memory available: 2.00 gigabytes
Default processor set: 97 tasks, 302 threads, 2 processors
Load average: 0.51, Mach factor: 1.48
/bin/machine           = unknown
/usr/bin/oslevel       = unknown
/bin/universe          = unknown

PATH: /sw/bin
PATH: /bin
PATH: /sbin
PATH: /usr/bin
PATH: /usr/sbin
PATH: /usr/local/bin
PATH: /usr/texbin


## ----------- ##
## Core tests. ##
## ----------- ##

configure:1543: checking build system type
configure:1561: result: i686-apple-darwin8.10.1
configure:1569: checking host system type
configure:1583: result: i686-apple-darwin8.10.1
configure:1591: checking target system type
configure:1605: result: i686-apple-darwin8.10.1
configure:1633: checking for a BSD-compatible install
configure:1688: result: /usr/bin/install -c
configure:1699: checking whether build environment is sane
configure:1742: result: yes
configure:1807: checking for gawk
configure:1836: result: no
configure:1807: checking for mawk
configure:1836: result: no
configure:1807: checking for nawk
configure:1836: result: no
configure:1807: checking for awk
configure:1823: found /usr/bin/awk
configure:1833: result: awk
configure:1843: checking whether make sets $(MAKE)
configure:1863: result: yes
configure:2085: checking for g++
configure:2101: found /usr/bin/g++
configure:2111: result: g++
configure:2127: checking for C++ compiler version
configure:2130: g++ --version </dev/null >&5
i686-apple-darwin8-g++-4.0.1 (GCC) 4.0.1 (Apple Computer, Inc. build 5367)
Copyright (C) 2005 Free Software Foundation, Inc.
This is free software; see the source for copying conditions.  There is NO
warranty; not even for MERCHANTABILITY or FITNESS FOR A PARTICULAR PURPOSE.

configure:2133: $? = 0
configure:2135: g++ -v </dev/null >&5
Using built-in specs.
Target: i686-apple-darwin8
Configured with: /private/var/tmp/gcc/gcc-5367.obj~1/src/configure --disable-checking -enable-werror --prefix=/usr --mandir=/share/man --enable-languages=c,objc,c++,obj-c++ --program-transform-name=/^[cg][^.-]*$/s/$/-4.0/ --with-gxx-include-dir=/include/c++/4.0.0 --with-slibdir=/usr/lib --build=powerpc-apple-darwin8 --with-arch=nocona --with-tune=generic --program-prefix= --host=i686-apple-darwin8 --target=i686-apple-darwin8
Thread model: posix
gcc version 4.0.1 (Apple Computer, Inc. build 5367)
configure:2138: $? = 0
configure:2140: g++ -V </dev/null >&5
g++: argument to `-V' is missing
configure:2143: $? = 1
configure:2166: checking for C++ compiler default output file name
configure:2169: g++    conftest.cc  >&5
configure:2172: $? = 0
configure:2218: result: a.out
configure:2223: checking whether the C++ compiler works
configure:2229: ./a.out
configure:2232: $? = 0
configure:2249: result: yes
configure:2256: checking whether we are cross compiling
configure:2258: result: no
configure:2261: checking for suffix of executables
configure:2263: g++ -o conftest    conftest.cc  >&5
configure:2266: $? = 0
configure:2291: result: 
configure:2297: checking for suffix of object files
configure:2318: g++ -c   conftest.cc >&5
configure:2321: $? = 0
configure:2343: result: o
configure:2347: checking whether we are using the GNU C++ compiler
configure:2371: g++ -c   conftest.cc >&5
configure:2377: $? = 0
configure:2381: test -z 
			 || test ! -s conftest.err
configure:2384: $? = 0
configure:2387: test -s conftest.o
configure:2390: $? = 0
configure:2403: result: yes
configure:2409: checking whether g++ accepts -g
configure:2430: g++ -c -g  conftest.cc >&5
configure:2436: $? = 0
configure:2440: test -z 
			 || test ! -s conftest.err
configure:2443: $? = 0
configure:2446: test -s conftest.o
configure:2449: $? = 0
configure:2460: result: yes
configure:2502: g++ -c -g -O2  conftest.cc >&5
configure:2508: $? = 0
configure:2512: test -z 
			 || test ! -s conftest.err
configure:2515: $? = 0
configure:2518: test -s conftest.o
configure:2521: $? = 0
configure:2547: g++ -c -g -O2  conftest.cc >&5
conftest.cc: In function 'int main()':
conftest.cc:15: error: 'exit' was not declared in this scope
configure:2553: $? = 1
configure: failed program was:
| /* confdefs.h.  */
| 
| #define PACKAGE_NAME "RudeConfig"
| #define PACKAGE_TARNAME "rudeconfig"
| #define PACKAGE_VERSION "5.0.5"
| #define PACKAGE_STRING "RudeConfig 5.0.5"
| #define PACKAGE_BUGREPORT "matt@rudeserver.com"
| #define PACKAGE "rudeconfig"
| #define VERSION "5.0.5"
| /* end confdefs.h.  */
| 
| int
| main ()
| {
| exit (42);
|   ;
|   return 0;
| }
configure:2502: g++ -c -g -O2  conftest.cc >&5
/usr/include/stdlib.h:158: error: declaration of 'void std::exit(int)' throws different exceptions
conftest.cc:11: error: than previous declaration 'void std::exit(int) throw ()'
configure:2508: $? = 1
configure: failed program was:
| /* confdefs.h.  */
| 
| #define PACKAGE_NAME "RudeConfig"
| #define PACKAGE_TARNAME "rudeconfig"
| #define PACKAGE_VERSION "5.0.5"
| #define PACKAGE_STRING "RudeConfig 5.0.5"
| #define PACKAGE_BUGREPORT "matt@rudeserver.com"
| #define PACKAGE "rudeconfig"
| #define VERSION "5.0.5"
| /* end confdefs.h.  */
| extern "C" void std::exit (int) throw (); using std::exit;
| #include <stdlib.h>
| int
| main ()
| {
| exit (42);
|   ;
|   return 0;
| }
configure:2502: g++ -c -g -O2  conftest.cc >&5
configure:2508: $? = 0
configure:2512: test -z 
			 || test ! -s conftest.err
configure:2515: $? = 0
configure:2518: test -s conftest.o
configure:2521: $? = 0
configure:2547: g++ -c -g -O2  conftest.cc >&5
configure:2553: $? = 0
configure:2557: test -z 
			 || test ! -s conftest.err
configure:2560: $? = 0
configure:2563: test -s conftest.o
configure:2566: $? = 0
configure:2600: checking for style of include used by make
configure:2628: result: GNU
configure:2656: checking dependency style of g++
configure:2746: result: gcc3
configure:2809: checking for gcc
configure:2825: found /usr/bin/gcc
configure:2835: result: gcc
configure:3079: checking for C compiler version
configure:3082: gcc --version </dev/null >&5
i686-apple-darwin8-gcc-4.0.1 (GCC) 4.0.1 (Apple Computer, Inc. build 5367)
Copyright (C) 2005 Free Software Foundation, Inc.
This is free software; see the source for copying conditions.  There is NO
warranty; not even for MERCHANTABILITY or FITNESS FOR A PARTICULAR PURPOSE.

configure:3085: $? = 0
configure:3087: gcc -v </dev/null >&5
Using built-in specs.
Target: i686-apple-darwin8
Configured with: /private/var/tmp/gcc/gcc-5367.obj~1/src/configure --disable-checking -enable-werror --prefix=/usr --mandir=/share/man --enable-languages=c,objc,c++,obj-c++ --program-transform-name=/^[cg][^.-]*$/s/$/-4.0/ --with-gxx-include-dir=/include/c++/4.0.0 --with-slibdir=/usr/lib --build=powerpc-apple-darwin8 --with-arch=nocona --with-tune=generic --program-prefix= --host=i686-apple-darwin8 --target=i686-apple-darwin8
Thread model: posix
gcc version 4.0.1 (Apple Computer, Inc. build 5367)
configure:3090: $? = 0
configure:3092: gcc -V </dev/null >&5
gcc: argument to `-V' is missing
configure:3095: $? = 1
configure:3098: checking whether we are using the GNU C compiler
configure:3122: gcc -c   conftest.c >&5
configure:3128: $? = 0
configure:3132: test -z 
			 || test ! -s conftest.err
configure:3135: $? = 0
configure:3138: test -s conftest.o
configure:3141: $? = 0
configure:3154: result: yes
configure:3160: checking whether gcc accepts -g
configure:3181: gcc -c -g  conftest.c >&5
configure:3187: $? = 0
configure:3191: test -z 
			 || test ! -s conftest.err
configure:3194: $? = 0
configure:3197: test -s conftest.o
configure:3200: $? = 0
configure:3211: result: yes
configure:3228: checking for gcc option to accept ANSI C
configure:3298: gcc  -c -g -O2  conftest.c >&5
configure:3304: $? = 0
configure:3308: test -z 
			 || test ! -s conftest.err
configure:3311: $? = 0
configure:3314: test -s conftest.o
configure:3317: $? = 0
configure:3335: result: none needed
configure:3353: gcc -c -g -O2  conftest.c >&5
conftest.c:2: error: parse error before 'me'
configure:3359: $? = 1
configure: failed program was:
| #ifndef __cplusplus
|   choke me
| #endif
configure:3494: checking dependency style of gcc
configure:3584: result: gcc3
configure:3673: checking for a sed that does not truncate output
configure:3729: result: /usr/bin/sed
configure:3732: checking for egrep
configure:3742: result: grep -E
configure:3758: checking for ld used by gcc
configure:3825: result: /usr/bin/ld
configure:3834: checking if the linker (/usr/bin/ld) is GNU ld
configure:3849: result: no
configure:3854: checking for /usr/bin/ld option to reload object files
configure:3861: result: -r
configure:3879: checking for BSD-compatible nm
configure:3928: result: /usr/bin/nm -p
configure:3932: checking whether ln -s works
configure:3936: result: yes
configure:3943: checking how to recognise dependent libraries
configure:4119: result: pass_all
configure:4356: checking how to run the C preprocessor
configure:4391: gcc -E  conftest.c
configure:4397: $? = 0
configure:4429: gcc -E  conftest.c
conftest.c:14:28: error: ac_nonexistent.h: No such file or directory
configure:4435: $? = 1
configure: failed program was:
| /* confdefs.h.  */
| 
| #define PACKAGE_NAME "RudeConfig"
| #define PACKAGE_TARNAME "rudeconfig"
| #define PACKAGE_VERSION "5.0.5"
| #define PACKAGE_STRING "RudeConfig 5.0.5"
| #define PACKAGE_BUGREPORT "matt@rudeserver.com"
| #define PACKAGE "rudeconfig"
| #define VERSION "5.0.5"
| #ifdef __cplusplus
| extern "C" void std::exit (int); using std::exit;
| #endif
| /* end confdefs.h.  */
| #include <ac_nonexistent.h>
configure:4474: result: gcc -E
configure:4498: gcc -E  conftest.c
configure:4504: $? = 0
configure:4536: gcc -E  conftest.c
conftest.c:14:28: error: ac_nonexistent.h: No such file or directory
configure:4542: $? = 1
configure: failed program was:
| /* confdefs.h.  */
| 
| #define PACKAGE_NAME "RudeConfig"
| #define PACKAGE_TARNAME "rudeconfig"
| #define PACKAGE_VERSION "5.0.5"
| #define PACKAGE_STRING "RudeConfig 5.0.5"
| #define PACKAGE_BUGREPORT "matt@rudeserver.com"
| #define PACKAGE "rudeconfig"
| #define VERSION "5.0.5"
| #ifdef __cplusplus
| extern "C" void std::exit (int); using std::exit;
| #endif
| /* end confdefs.h.  */
| #include <ac_nonexistent.h>
configure:4586: checking for ANSI C header files
configure:4611: gcc -c -g -O2  conftest.c >&5
configure:4617: $? = 0
configure:4621: test -z 
			 || test ! -s conftest.err
configure:4624: $? = 0
configure:4627: test -s conftest.o
configure:4630: $? = 0
configure:4716: gcc -o conftest -g -O2   conftest.c  >&5
conftest.c: In function 'main':
conftest.c:31: warning: incompatible implicit declaration of built-in function 'exit'
configure:4719: $? = 0
configure:4721: ./conftest
configure:4724: $? = 0
configure:4739: result: yes
configure:4763: checking for sys/types.h
configure:4779: gcc -c -g -O2  conftest.c >&5
configure:4785: $? = 0
configure:4789: test -z 
			 || test ! -s conftest.err
configure:4792: $? = 0
configure:4795: test -s conftest.o
configure:4798: $? = 0
configure:4809: result: yes
configure:4763: checking for sys/stat.h
configure:4779: gcc -c -g -O2  conftest.c >&5
configure:4785: $? = 0
configure:4789: test -z 
			 || test ! -s conftest.err
configure:4792: $? = 0
configure:4795: test -s conftest.o
configure:4798: $? = 0
configure:4809: result: yes
configure:4763: checking for stdlib.h
configure:4779: gcc -c -g -O2  conftest.c >&5
configure:4785: $? = 0
configure:4789: test -z 
			 || test ! -s conftest.err
configure:4792: $? = 0
configure:4795: test -s conftest.o
configure:4798: $? = 0
configure:4809: result: yes
configure:4763: checking for string.h
configure:4779: gcc -c -g -O2  conftest.c >&5
configure:4785: $? = 0
configure:4789: test -z 
			 || test ! -s conftest.err
configure:4792: $? = 0
configure:4795: test -s conftest.o
configure:4798: $? = 0
configure:4809: result: yes
configure:4763: checking for memory.h
configure:4779: gcc -c -g -O2  conftest.c >&5
configure:4785: $? = 0
configure:4789: test -z 
			 || test ! -s conftest.err
configure:4792: $? = 0
configure:4795: test -s conftest.o
configure:4798: $? = 0
configure:4809: result: yes
configure:4763: checking for strings.h
configure:4779: gcc -c -g -O2  conftest.c >&5
configure:4785: $? = 0
configure:4789: test -z 
			 || test ! -s conftest.err
configure:4792: $? = 0
configure:4795: test -s conftest.o
configure:4798: $? = 0
configure:4809: result: yes
configure:4763: checking for inttypes.h
configure:4779: gcc -c -g -O2  conftest.c >&5
configure:4785: $? = 0
configure:4789: test -z 
			 || test ! -s conftest.err
configure:4792: $? = 0
configure:4795: test -s conftest.o
configure:4798: $? = 0
configure:4809: result: yes
configure:4763: checking for stdint.h
configure:4779: gcc -c -g -O2  conftest.c >&5
configure:4785: $? = 0
configure:4789: test -z 
			 || test ! -s conftest.err
configure:4792: $? = 0
configure:4795: test -s conftest.o
configure:4798: $? = 0
configure:4809: result: yes
configure:4763: checking for unistd.h
configure:4779: gcc -c -g -O2  conftest.c >&5
configure:4785: $? = 0
configure:4789: test -z 
			 || test ! -s conftest.err
configure:4792: $? = 0
configure:4795: test -s conftest.o
configure:4798: $? = 0
configure:4809: result: yes
configure:4835: checking dlfcn.h usability
configure:4847: gcc -c -g -O2  conftest.c >&5
configure:4853: $? = 0
configure:4857: test -z 
			 || test ! -s conftest.err
configure:4860: $? = 0
configure:4863: test -s conftest.o
configure:4866: $? = 0
configure:4876: result: yes
configure:4880: checking dlfcn.h presence
configure:4890: gcc -E  conftest.c
configure:4896: $? = 0
configure:4916: result: yes
configure:4951: checking for dlfcn.h
configure:4958: result: yes
configure:4981: checking how to run the C++ preprocessor
configure:5012: g++ -E  conftest.cc
configure:5018: $? = 0
configure:5050: g++ -E  conftest.cc
conftest.cc:25:28: error: ac_nonexistent.h: No such file or directory
configure:5056: $? = 1
configure: failed program was:
| /* confdefs.h.  */
| 
| #define PACKAGE_NAME "RudeConfig"
| #define PACKAGE_TARNAME "rudeconfig"
| #define PACKAGE_VERSION "5.0.5"
| #define PACKAGE_STRING "RudeConfig 5.0.5"
| #define PACKAGE_BUGREPORT "matt@rudeserver.com"
| #define PACKAGE "rudeconfig"
| #define VERSION "5.0.5"
| #ifdef __cplusplus
| extern "C" void std::exit (int); using std::exit;
| #endif
| #define STDC_HEADERS 1
| #define HAVE_SYS_TYPES_H 1
| #define HAVE_SYS_STAT_H 1
| #define HAVE_STDLIB_H 1
| #define HAVE_STRING_H 1
| #define HAVE_MEMORY_H 1
| #define HAVE_STRINGS_H 1
| #define HAVE_INTTYPES_H 1
| #define HAVE_STDINT_H 1
| #define HAVE_UNISTD_H 1
| #define HAVE_DLFCN_H 1
| /* end confdefs.h.  */
| #include <ac_nonexistent.h>
configure:5095: result: g++ -E
configure:5119: g++ -E  conftest.cc
configure:5125: $? = 0
configure:5157: g++ -E  conftest.cc
conftest.cc:25:28: error: ac_nonexistent.h: No such file or directory
configure:5163: $? = 1
configure: failed program was:
| /* confdefs.h.  */
| 
| #define PACKAGE_NAME "RudeConfig"
| #define PACKAGE_TARNAME "rudeconfig"
| #define PACKAGE_VERSION "5.0.5"
| #define PACKAGE_STRING "RudeConfig 5.0.5"
| #define PACKAGE_BUGREPORT "matt@rudeserver.com"
| #define PACKAGE "rudeconfig"
| #define VERSION "5.0.5"
| #ifdef __cplusplus
| extern "C" void std::exit (int); using std::exit;
| #endif
| #define STDC_HEADERS 1
| #define HAVE_SYS_TYPES_H 1
| #define HAVE_SYS_STAT_H 1
| #define HAVE_STDLIB_H 1
| #define HAVE_STRING_H 1
| #define HAVE_MEMORY_H 1
| #define HAVE_STRINGS_H 1
| #define HAVE_INTTYPES_H 1
| #define HAVE_STDINT_H 1
| #define HAVE_UNISTD_H 1
| #define HAVE_DLFCN_H 1
| /* end confdefs.h.  */
| #include <ac_nonexistent.h>
configure:5260: checking for g77
configure:5289: result: no
configure:5260: checking for f77
configure:5289: result: no
configure:5260: checking for xlf
configure:5289: result: no
configure:5260: checking for frt
configure:5289: result: no
configure:5260: checking for pgf77
configure:5289: result: no
configure:5260: checking for fort77
configure:5289: result: no
configure:5260: checking for fl32
configure:5289: result: no
configure:5260: checking for af77
configure:5289: result: no
configure:5260: checking for f90
configure:5289: result: no
configure:5260: checking for xlf90
configure:5289: result: no
configure:5260: checking for pgf90
configure:5289: result: no
configure:5260: checking for epcf90
configure:5289: result: no
configure:5260: checking for f95
configure:5289: result: no
configure:5260: checking for fort
configure:5289: result: no
configure:5260: checking for xlf95
configure:5289: result: no
configure:5260: checking for ifc
configure:5289: result: no
configure:5260: checking for efc
configure:5289: result: no
configure:5260: checking for pgf95
configure:5289: result: no
configure:5260: checking for lf95
configure:5289: result: no
configure:5260: checking for gfortran
configure:5289: result: no
configure:5304: checking for Fortran 77 compiler version
configure:5304:  --version </dev/null >&5
./configure: line 1: --version: command not found
configure:5307: $? = 127
configure:5309:  -v </dev/null >&5
./configure: line 1: -v: command not found
configure:5312: $? = 127
configure:5314:  -V </dev/null >&5
./configure: line 1: -V: command not found
configure:5317: $? = 127
configure:5325: checking whether we are using the GNU Fortran 77 compiler
configure:5339:  -c  conftest.F >&5
./configure: line 1: -c: command not found
configure:5345: $? = 127
configure: failed program was:
|       program main
| #ifndef __GNUC__
|        choke me
| #endif
| 
|       end
configure:5371: result: no
configure:5377: checking whether  accepts -g
configure:5389:  -c -g conftest.f >&5
./configure: line 1: -c: command not found
configure:5395: $? = 127
configure: failed program was:
|       program main
| 
|       end
configure:5420: result: no
configure:5450: checking the maximum length of command line arguments
configure:5559: result: 196608
configure:5570: checking command to parse /usr/bin/nm -p output from gcc object
configure:5675: gcc -c -g -O2  conftest.c >&5
configure:5678: $? = 0
configure:5682: /usr/bin/nm -p conftest.o \| sed -n -e 's/^.*[ 	]\([BCDEGRST][BCDEGRST]*\)[ 	][ 	]*\([_A-Za-z][_A-Za-z0-9]*\)$/\1 \2 \2/p' \> conftest.nm
configure:5685: $? = 0
cannot find nm_test_var in conftest.nm
configure:5675: gcc -c -g -O2  conftest.c >&5
configure:5678: $? = 0
configure:5682: /usr/bin/nm -p conftest.o \| sed -n -e 's/^.*[ 	]\([BCDEGRST][BCDEGRST]*\)[ 	][ 	]*_\([_A-Za-z][_A-Za-z0-9]*\)$/\1 _\2 \2/p' \> conftest.nm
configure:5685: $? = 0
configure:5737: gcc -o conftest -g -O2   conftest.c conftstm.o >&5
configure:5740: $? = 0
configure:5778: result: ok
configure:5782: checking for objdir
configure:5797: result: .libs
configure:5887: checking for ar
configure:5903: found /usr/bin/ar
configure:5914: result: ar
configure:5967: checking for ranlib
configure:5983: found /usr/bin/ranlib
configure:5994: result: ranlib
configure:6047: checking for strip
configure:6063: found /usr/bin/strip
configure:6074: result: strip
configure:6346: checking if gcc supports -fno-rtti -fno-exceptions
configure:6367: gcc -c -g -O2  -fno-rtti -fno-exceptions conftest.c >&5
cc1: warning: command line option "-fno-rtti" is valid for C++/ObjC++ but not for C
configure:6371: $? = 0
configure:6381: result: no
configure:6396: checking for gcc option to produce PIC
configure:6606: result: -fno-common
configure:6614: checking if gcc PIC flag -fno-common works
configure:6635: gcc -c -g -O2  -fno-common -DPIC conftest.c >&5
configure:6639: $? = 0
configure:6649: result: yes
configure:6677: checking if gcc static flag -static works
configure:6705: result: no
configure:6715: checking if gcc supports -c -o file.o
configure:6739: gcc -c -g -O2  -o out/conftest2.o conftest.c >&5
configure:6743: $? = 0
configure:6762: result: yes
configure:6788: checking whether the gcc linker (/usr/bin/ld) supports shared libraries
configure:7746: result: yes
configure:7813: checking dynamic linker characteristics
configure:8422: result: darwin8.10.1 dyld
configure:8431: checking how to hardcode library paths into programs
configure:8456: result: immediate
configure:8470: checking whether stripping libraries is possible
configure:8483: result: yes
configure:9309: checking if libtool supports shared libraries
configure:9311: result: yes
configure:9314: checking whether to build shared libraries
configure:9335: result: yes
configure:9338: checking whether to build static libraries
configure:9342: result: yes
configure:9434: creating libtool
configure:10025: checking for ld used by g++
configure:10092: result: /usr/bin/ld
configure:10101: checking if the linker (/usr/bin/ld) is GNU ld
configure:10116: result: no
configure:10167: checking whether the g++ linker (/usr/bin/ld) supports shared libraries
configure:11105: result: yes
configure:11123: g++ -c -g -O2  conftest.cpp >&5
configure:11126: $? = 0
configure:11245: checking for g++ option to produce PIC
configure:11519: result: -fno-common
configure:11527: checking if g++ PIC flag -fno-common works
configure:11548: g++ -c -g -O2  -fno-common -DPIC conftest.cpp >&5
configure:11552: $? = 0
configure:11562: result: yes
configure:11590: checking if g++ static flag -static works
configure:11618: result: no
configure:11628: checking if g++ supports -c -o file.o
configure:11652: g++ -c -g -O2  -o out/conftest2.o conftest.cpp >&5
configure:11656: $? = 0
configure:11675: result: yes
configure:11701: checking whether the g++ linker (/usr/bin/ld) supports shared libraries
configure:11726: result: yes
configure:11793: checking dynamic linker characteristics
configure:12402: result: darwin8.10.1 dyld
configure:12411: checking how to hardcode library paths into programs
configure:12436: result: immediate
configure:18644: checking for ANSI C header files
configure:18797: result: yes
configure:18809: checking for an ANSI C-conforming const
configure:18876: gcc -c -g -O2  conftest.c >&5
configure:18882: $? = 0
configure:18886: test -z 
			 || test ! -s conftest.err
configure:18889: $? = 0
configure:18892: test -s conftest.o
configure:18895: $? = 0
configure:18906: result: yes
configure:18916: checking for inline
configure:18937: gcc -c -g -O2  conftest.c >&5
configure:18943: $? = 0
configure:18947: test -z 
			 || test ! -s conftest.err
configure:18950: $? = 0
configure:18953: test -s conftest.o
configure:18956: $? = 0
configure:18968: result: inline
configure:18987: checking for size_t
configure:19011: gcc -c -g -O2  conftest.c >&5
configure:19017: $? = 0
configure:19021: test -z 
			 || test ! -s conftest.err
configure:19024: $? = 0
configure:19027: test -s conftest.o
configure:19030: $? = 0
configure:19041: result: yes
configure:19059: checking for strrchr
configure:19116: gcc -o conftest -g -O2   conftest.c  >&5
conftest.c:50: warning: conflicting types for built-in function 'strrchr'
configure:19122: $? = 0
configure:19126: test -z 
			 || test ! -s conftest.err
configure:19129: $? = 0
configure:19132: test -s conftest
configure:19135: $? = 0
configure:19147: result: yes
configure:19305: creating ./config.status

## ---------------------- ##
## Running config.status. ##
## ---------------------- ##

This file was extended by RudeConfig config.status 5.0.5, which was
generated by GNU Autoconf 2.59.  Invocation command line was

  CONFIG_FILES    = 
  CONFIG_HEADERS  = 
  CONFIG_LINKS    = 
  CONFIG_COMMANDS = 
  $ ./config.status 

on PerOxyd.local

config.status:711: creating Makefile
config.status:894: executing depfiles commands

## ---------------- ##
## Cache variables. ##
## ---------------- ##

ac_cv_build=i686-apple-darwin8.10.1
ac_cv_build_alias=i686-apple-darwin8.10.1
ac_cv_c_compiler_gnu=yes
ac_cv_c_const=yes
ac_cv_c_inline=inline
ac_cv_cxx_compiler_gnu=yes
ac_cv_env_CC_set=
ac_cv_env_CC_value=
ac_cv_env_CFLAGS_set=
ac_cv_env_CFLAGS_value=
ac_cv_env_CPPFLAGS_set=
ac_cv_env_CPPFLAGS_value=
ac_cv_env_CPP_set=
ac_cv_env_CPP_value=
ac_cv_env_CXXCPP_set=
ac_cv_env_CXXCPP_value=
ac_cv_env_CXXFLAGS_set=
ac_cv_env_CXXFLAGS_value=
ac_cv_env_CXX_set=
ac_cv_env_CXX_value=
ac_cv_env_F77_set=
ac_cv_env_F77_value=
ac_cv_env_FFLAGS_set=
ac_cv_env_FFLAGS_value=
ac_cv_env_LDFLAGS_set=
ac_cv_env_LDFLAGS_value=
ac_cv_env_build_alias_set=
ac_cv_env_build_alias_value=
ac_cv_env_host_alias_set=
ac_cv_env_host_alias_value=
ac_cv_env_target_alias_set=
ac_cv_env_target_alias_value=
ac_cv_exeext=
ac_cv_f77_compiler_gnu=no
ac_cv_func_strrchr=yes
ac_cv_header_dlfcn_h=yes
ac_cv_header_inttypes_h=yes
ac_cv_header_memory_h=yes
ac_cv_header_stdc=yes
ac_cv_header_stdint_h=yes
ac_cv_header_stdlib_h=yes
ac_cv_header_string_h=yes
ac_cv_header_strings_h=yes
ac_cv_header_sys_stat_h=yes
ac_cv_header_sys_types_h=yes
ac_cv_header_unistd_h=yes
ac_cv_host=i686-apple-darwin8.10.1
ac_cv_host_alias=i686-apple-darwin8.10.1
ac_cv_objext=o
ac_cv_path_install='/usr/bin/install -c'
ac_cv_prog_AWK=awk
ac_cv_prog_CPP='gcc -E'
ac_cv_prog_CXXCPP='g++ -E'
ac_cv_prog_ac_ct_AR=ar
ac_cv_prog_ac_ct_CC=gcc
ac_cv_prog_ac_ct_CXX=g++
ac_cv_prog_ac_ct_RANLIB=ranlib
ac_cv_prog_ac_ct_STRIP=strip
ac_cv_prog_cc_g=yes
ac_cv_prog_cc_stdc=
ac_cv_prog_cxx_g=yes
ac_cv_prog_egrep='grep -E'
ac_cv_prog_f77_g=no
ac_cv_prog_make_make_set=yes
ac_cv_target=i686-apple-darwin8.10.1
ac_cv_target_alias=i686-apple-darwin8.10.1
ac_cv_type_size_t=yes
am_cv_CC_dependencies_compiler_type=gcc3
am_cv_CXX_dependencies_compiler_type=gcc3
lt_cv_deplibs_check_method=pass_all
lt_cv_file_magic_cmd='$MAGIC_CMD'
lt_cv_file_magic_test_file=
lt_cv_ld_reload_flag=-r
lt_cv_objdir=.libs
lt_cv_path_LD=/usr/bin/ld
lt_cv_path_LDCXX=/usr/bin/ld
lt_cv_path_NM='/usr/bin/nm -p'
lt_cv_path_SED=/usr/bin/sed
lt_cv_prog_compiler_c_o=yes
lt_cv_prog_compiler_c_o_CXX=yes
lt_cv_prog_compiler_rtti_exceptions=no
lt_cv_prog_gnu_ld=no
lt_cv_prog_gnu_ldcxx=no
lt_cv_sys_global_symbol_pipe='sed -n -e '\''s/^.*[ 	]\([BCDEGRST][BCDEGRST]*\)[ 	][ 	]*_\([_A-Za-z][_A-Za-z0-9]*\)$/\1 _\2 \2/p'\'''
lt_cv_sys_global_symbol_to_c_name_address='sed -n -e '\''s/^: \([^ ]*\) $/  {\"\1\", (lt_ptr) 0},/p'\'' -e '\''s/^[BCDEGRST] \([^ ]*\) \([^ ]*\)$/  {"\2", (lt_ptr) \&\2},/p'\'''
lt_cv_sys_global_symbol_to_cdecl='sed -n -e '\''s/^. .* \(.*\)$/extern int \1;/p'\'''
lt_cv_sys_max_cmd_len=196608
lt_lt_cv_prog_compiler_c_o='"yes"'
lt_lt_cv_prog_compiler_c_o_CXX='"yes"'
lt_lt_cv_sys_global_symbol_pipe='"sed -n -e '\''s/^.*[ 	]\\([BCDEGRST][BCDEGRST]*\\)[ 	][ 	]*_\\([_A-Za-z][_A-Za-z0-9]*\\)\$/\\1 _\\2 \\2/p'\''"'
lt_lt_cv_sys_global_symbol_to_c_name_address='"sed -n -e '\''s/^: \\([^ ]*\\) \$/  {\\\"\\1\\\", (lt_ptr) 0},/p'\'' -e '\''s/^[BCDEGRST] \\([^ ]*\\) \\([^ ]*\\)\$/  {\"\\2\", (lt_ptr) \\&\\2},/p'\''"'
lt_lt_cv_sys_global_symbol_to_cdecl='"sed -n -e '\''s/^. .* \\(.*\\)\$/extern int \\1;/p'\''"'

## ----------------- ##
## Output variables. ##
## ----------------- ##

ACLOCAL='${SHELL} /Users/file/Desktop/rudeconfig-5.0.5/missing --run aclocal-1.9'
AMDEPBACKSLASH='\'
AMDEP_FALSE='#'
AMDEP_TRUE=''
AMTAR='${SHELL} /Users/file/Desktop/rudeconfig-5.0.5/missing --run tar'
AR='ar'
AUTOCONF='${SHELL} /Users/file/Desktop/rudeconfig-5.0.5/missing --run autoconf'
AUTOHEADER='${SHELL} /Users/file/Desktop/rudeconfig-5.0.5/missing --run autoheader'
AUTOMAKE='${SHELL} /Users/file/Desktop/rudeconfig-5.0.5/missing --run automake-1.9'
AWK='awk'
CC='gcc'
CCDEPMODE='depmode=gcc3'
CFLAGS='-g -O2'
CPP='gcc -E'
CPPFLAGS=''
CXX='g++'
CXXCPP='g++ -E'
CXXDEPMODE='depmode=gcc3'
CXXFLAGS='-g -O2'
CYGPATH_W='echo'
DEFS='-DPACKAGE_NAME=\"RudeConfig\" -DPACKAGE_TARNAME=\"rudeconfig\" -DPACKAGE_VERSION=\"5.0.5\" -DPACKAGE_STRING=\"RudeConfig\ 5.0.5\" -DPACKAGE_BUGREPORT=\"matt@rudeserver.com\" -DPACKAGE=\"rudeconfig\" -DVERSION=\"5.0.5\" -DSTDC_HEADERS=1 -DHAVE_SYS_TYPES_H=1 -DHAVE_SYS_STAT_H=1 -DHAVE_STDLIB_H=1 -DHAVE_STRING_H=1 -DHAVE_MEMORY_H=1 -DHAVE_STRINGS_H=1 -DHAVE_INTTYPES_H=1 -DHAVE_STDINT_H=1 -DHAVE_UNISTD_H=1 -DHAVE_DLFCN_H=1 -DSTDC_HEADERS=1 -DHAVE_STRRCHR=1 '
DEPDIR='.deps'
ECHO='echo'
ECHO_C=''
ECHO_N='-n'
ECHO_T=''
EGREP='grep -E'
EXEEXT=''
F77=''
FFLAGS=''
INSTALL_DATA='${INSTALL} -m 644'
INSTALL_PROGRAM='${INSTALL}'
INSTALL_SCRIPT='${INSTALL}'
INSTALL_STRIP_PROGRAM='${SHELL} $(install_sh) -c -s'
LDFLAGS=''
LIBOBJS=''
LIBS=''
LIBTOOL='$(SHELL) $(top_builddir)/libtool'
LN_S='ln -s'
LTLIBOBJS=''
MAKEINFO='${SHELL} /Users/file/Desktop/rudeconfig-5.0.5/missing --run makeinfo'
OBJEXT='o'
PACKAGE='rudeconfig'
PACKAGE_BUGREPORT='matt@rudeserver.com'
PACKAGE_NAME='RudeConfig'
PACKAGE_STRING='RudeConfig 5.0.5'
PACKAGE_TARNAME='rudeconfig'
PACKAGE_VERSION='5.0.5'
PATH_SEPARATOR=':'
RANLIB='ranlib'
SED='/usr/bin/sed'
SET_MAKE=''
SHELL='/bin/sh'
STRIP='strip'
VERSION='5.0.5'
ac_ct_AR='ar'
ac_ct_CC='gcc'
ac_ct_CXX='g++'
ac_ct_F77=''
ac_ct_RANLIB='ranlib'
ac_ct_STRIP='strip'
am__fastdepCC_FALSE='#'
am__fastdepCC_TRUE=''
am__fastdepCXX_FALSE='#'
am__fastdepCXX_TRUE=''
am__include='include'
am__leading_dot='.'
am__quote=''
am__tar='${AMTAR} chof - "$$tardir"'
am__untar='${AMTAR} xf -'
bindir='${exec_prefix}/bin'
build='i686-apple-darwin8.10.1'
build_alias=''
build_cpu='i686'
build_os='darwin8.10.1'
build_vendor='apple'
datadir='${prefix}/share'
exec_prefix='${prefix}'
host='i686-apple-darwin8.10.1'
host_alias=''
host_cpu='i686'
host_os='darwin8.10.1'
host_vendor='apple'
includedir='${prefix}/include'
infodir='${prefix}/info'
install_sh='/Users/file/Desktop/rudeconfig-5.0.5/install-sh'
libdir='${exec_prefix}/lib'
libexecdir='${exec_prefix}/libexec'
localstatedir='${prefix}/var'
mandir='${prefix}/man'
mkdir_p='$(install_sh) -d'
oldincludedir='/usr/include'
prefix='/usr/local'
program_transform_name='s,x,x,'
sbindir='${exec_prefix}/sbin'
sharedstatedir='${prefix}/com'
sysconfdir='${prefix}/etc'
target='i686-apple-darwin8.10.1'
target_alias=''
target_cpu='i686'
target_os='darwin8.10.1'
target_vendor='apple'

## ----------- ##
## confdefs.h. ##
## ----------- ##

#define HAVE_DLFCN_H 1
#define HAVE_INTTYPES_H 1
#define HAVE_MEMORY_H 1
#define HAVE_STDINT_H 1
#define HAVE_STDLIB_H 1
#define HAVE_STRINGS_H 1
#define HAVE_STRING_H 1
#define HAVE_STRRCHR 1
#define HAVE_SYS_STAT_H 1
#define HAVE_SYS_TYPES_H 1
#define HAVE_UNISTD_H 1
#define PACKAGE "rudeconfig"
#define PACKAGE_BUGREPORT "matt@rudeserver.com"
#define PACKAGE_NAME "RudeConfig"
#define PACKAGE_STRING "RudeConfig 5.0.5"
#define PACKAGE_TARNAME "rudeconfig"
#define PACKAGE_VERSION "5.0.5"
#define STDC_HEADERS 1
#define STDC_HEADERS 1
#define VERSION "5.0.5"
#endif
#ifdef __cplusplus
extern "C" void std::exit (int); using std::exit;

configure: exit 0
